[35m[Appium][39m Welcome to Appium v1.22.3
[35m[Appium][39m Non-default server args:
[35m[Appium][39m   port: 14478
[35m[Appium][39m   loglevel: info
[35m[Appium][39m   tmpDir: C:\Users\User\AppData\Local\Temp\\Katalon\Appium\Temp1764157431821
[35m[Appium][39m   chromedriverPort: 14479
[35m[Appium][39m Deprecated server args:
[35m[Appium][39m   [31m--chromedriver-port[39m => --default-capabilities
[35m[Appium][39m Default capabilities, which will be added to each request unless overridden by desired capabilities:
[35m[Appium][39m   chromedriverPort: 14479
[35m[Appium][39m Appium REST http interface listener started on 0.0.0.0:14478
[35m[HTTP][39m [37m-->[39m [37mGET[39m [37m/wd/hub/status[39m
[35m[HTTP][39m [90m{}[39m
[35m[HTTP][39m [37m<-- GET /wd/hub/status [39m[32m200[39m [90m3 ms - 68[39m
[35m[HTTP][39m [90m[39m
[35m[HTTP][39m [37m-->[39m [37mGET[39m [37m/wd/hub/status[39m
[35m[HTTP][39m [90m{}[39m
[35m[HTTP][39m [37m<-- GET /wd/hub/status [39m[32m200[39m [90m1 ms - 68[39m
[35m[HTTP][39m [90m[39m
[35m[HTTP][39m [37m-->[39m [37mPOST[39m [37m/wd/hub/session[39m
[35m[HTTP][39m [90m{"desiredCapabilities":{"appActivity":".Settings","appPackage":"com.android.settings","newCommandTimeout":1800,"platformVersion":"16","automationName":"uiautomator2","autoGrantPermissions":true,"platformName":"Android","udid":"R5CX52JR8RX","deviceName":"samsung SM-S918B (Android 16)","platform":"ANDROID","systemPort":8287},"capabilities":{"firstMatch":[{"appium:appActivity":".Settings","appium:appPackage":"com.android.settings","appium:autoGrantPermissions":true,"appium:automationName":"uiautomator2","appium:deviceName":"samsung SM-S918B (Android 16)","appium:newCommandTimeout":1800,"platform":"ANDROID","platformName":"android","appium:platformVersion":"16","appium:systemPort":8287,"appium:udid":"R5CX52JR8RX"}]}}[39m
[35m[BaseDriver][39m The following capabilities are not standard capabilities and should have an extension prefix:
[35m[BaseDriver][39m   platform
[35m[BaseDriver][39m   chromedriverPort
[35m[Appium][39m Appium v1.22.3 creating new AndroidUiautomator2Driver (v1.70.1) session
[35m[BaseDriver][39m The following capabilities were provided, but are not recognized by Appium:
[35m[BaseDriver][39m   platform
[35m[BaseDriver][39m Session created with session id: b3af172d-9c1d-4111-9a1d-edb5d5733469
[35m[UiAutomator2][39m Starting 'com.android.settings' directly on the device
[35m[ADB][39m Found 1 'build-tools' folders under 'C:\Users\User\AppData\Local\Android\Sdk' (newest first):
[35m[ADB][39m     C:/Users/User/AppData/Local/Android/Sdk/build-tools/34.0.0
[35m[ADB][39m Using 'adb.exe' from 'C:\Users\User\AppData\Local\Android\Sdk\platform-tools\adb.exe'
[35m[AndroidDriver][39m Retrieving device list
[35m[AndroidDriver][39m Using device: R5CX52JR8RX
[35m[ADB][39m Using 'adb.exe' from 'C:\Users\User\AppData\Local\Android\Sdk\platform-tools\adb.exe'
[35m[ADB][39m Getting device platform version
[35m[UiAutomator2][39m Relaxing hidden api policy
[35m[AndroidDriver][39m No app sent in, not parsing package/activity
[35m[ADB][39m Using 'apksigner.jar' from 'C:\Users\User\AppData\Local\Android\Sdk\build-tools\34.0.0\lib\apksigner.jar'
[35m[ADB][39m 'C:\Users\User\AppData\Roaming\npm\node_modules\appium\node_modules\appium-uiautomator2-server\apks\appium-uiautomator2-server-v4.27.0.apk' is signed with the default certificate
[35m[ADB][39m 'C:\Users\User\AppData\Roaming\npm\node_modules\appium\node_modules\appium-uiautomator2-server\apks\appium-uiautomator2-server-debug-androidTest.apk' is signed with the default certificate
[35m[UiAutomator2][39m Server packages are not going to be (re)installed
[35m[ADB][39m Adding packages ["io.appium.settings","io.appium.uiautomator2.server","io.appium.uiautomator2.server.test"] to Doze whitelist
[35m[UiAutomator2][39m Starting UIAutomator2 server 4.27.0
[35m[UiAutomator2][39m Using UIAutomator2 server from 'C:\Users\User\AppData\Roaming\npm\node_modules\appium\node_modules\appium-uiautomator2-server\apks\appium-uiautomator2-server-v4.27.0.apk' and test from 'C:\Users\User\AppData\Roaming\npm\node_modules\appium\node_modules\appium-uiautomator2-server\apks\appium-uiautomator2-server-debug-androidTest.apk'
[35m[UiAutomator2][39m Waiting up to 30000ms for UiAutomator2 to be online...
[35m[WD Proxy][39m socket hang up
[35m[WD Proxy][39m socket hang up
[35m[WD Proxy][39m Determined the downstream protocol as 'W3C'
[35m[AndroidDriver][39m Screen already unlocked, doing nothing
[35m[UiAutomator2][39m Starting 'com.android.settings/.Settings and waiting for 'com.android.settings/.Settings'
[35m[Appium][39m New AndroidUiautomator2Driver session created successfully, session b3af172d-9c1d-4111-9a1d-edb5d5733469 added to master session list
[35m[HTTP][39m [37m<-- POST /wd/hub/session [39m[32m200[39m [90m9063 ms - 1159[39m
[35m[HTTP][39m [90m[39m
[35m[HTTP][39m [37m-->[39m [37mGET[39m [37m/wd/hub/session/b3af172d-9c1d-4111-9a1d-edb5d5733469[39m
[35m[HTTP][39m [90m{}[39m
[35m[HTTP][39m [37m<-- GET /wd/hub/session/b3af172d-9c1d-4111-9a1d-edb5d5733469 [39m[32m200[39m [90m13 ms - 1113[39m
[35m[HTTP][39m [90m[39m
[35m[HTTP][39m [37m-->[39m [37mGET[39m [37m/wd/hub/session/b3af172d-9c1d-4111-9a1d-edb5d5733469[39m
[35m[HTTP][39m [90m{}[39m
[35m[HTTP][39m [37m<-- GET /wd/hub/session/b3af172d-9c1d-4111-9a1d-edb5d5733469 [39m[32m200[39m [90m13 ms - 1113[39m
[35m[HTTP][39m [90m[39m
[35m[HTTP][39m [37m-->[39m [37mGET[39m [37m/wd/hub/status[39m
[35m[HTTP][39m [90m{}[39m
[35m[HTTP][39m [37m<-- GET /wd/hub/status [39m[32m200[39m [90m1 ms - 68[39m
[35m[HTTP][39m [90m[39m
[35m[HTTP][39m [37m-->[39m [37mPOST[39m [37m/wd/hub/session/b3af172d-9c1d-4111-9a1d-edb5d5733469/timeouts[39m
[35m[HTTP][39m [90m{"implicit":60000}[39m
[35m[HTTP][39m [37m<-- POST /wd/hub/session/b3af172d-9c1d-4111-9a1d-edb5d5733469/timeouts [39m[32m200[39m [90m2 ms - 14[39m
[35m[HTTP][39m [90m[39m
[35m[HTTP][39m [37m-->[39m [37mGET[39m [37m/wd/hub/session/b3af172d-9c1d-4111-9a1d-edb5d5733469/screenshot[39m
[35m[HTTP][39m [90m{}[39m
[35m[HTTP][39m [37m<-- GET /wd/hub/session/b3af172d-9c1d-4111-9a1d-edb5d5733469/screenshot [39m[32m200[39m [90m440 ms - 413072[39m
[35m[HTTP][39m [90m[39m
[35m[HTTP][39m [37m-->[39m [37mGET[39m [37m/wd/hub/session/b3af172d-9c1d-4111-9a1d-edb5d5733469/window/rect[39m
[35m[HTTP][39m [90m{}[39m
[35m[HTTP][39m [37m<-- GET /wd/hub/session/b3af172d-9c1d-4111-9a1d-edb5d5733469/window/rect [39m[32m200[39m [90m13 ms - 50[39m
[35m[HTTP][39m [90m[39m
[35m[HTTP][39m [37m-->[39m [37mGET[39m [37m/wd/hub/session/b3af172d-9c1d-4111-9a1d-edb5d5733469/appium/device/system_bars[39m
[35m[HTTP][39m [90m{}[39m
[35m[HTTP][39m [37m<-- GET /wd/hub/session/b3af172d-9c1d-4111-9a1d-edb5d5733469/appium/device/system_bars [39m[31m500[39m [90m119 ms - 645[39m
[35m[HTTP][39m [90m[39m
[35m[HTTP][39m [37m-->[39m [37mPOST[39m [37m/wd/hub/session/b3af172d-9c1d-4111-9a1d-edb5d5733469/execute/sync[39m
[35m[HTTP][39m [90m{"script":"mobile:viewportRect","args":[]}[39m
[35m[AndroidDriver][39m Executing native command 'mobile:viewportRect'
[35m[HTTP][39m [37m<-- POST /wd/hub/session/b3af172d-9c1d-4111-9a1d-edb5d5733469/execute/sync [39m[32m200[39m [90m10 ms - 57[39m
[35m[HTTP][39m [90m[39m
[35m[HTTP][39m [37m-->[39m [37mPOST[39m [37m/wd/hub/session/b3af172d-9c1d-4111-9a1d-edb5d5733469/appium/device/activate_app[39m
[35m[HTTP][39m [90m{"bundleId":"com.meiji.sp"}[39m
[35m[HTTP][39m [37m<-- POST /wd/hub/session/b3af172d-9c1d-4111-9a1d-edb5d5733469/appium/device/activate_app [39m[32m200[39m [90m275 ms - 14[39m
[35m[HTTP][39m [90m[39m
[35m[HTTP][39m [37m-->[39m [37mGET[39m [37m/wd/hub/session/b3af172d-9c1d-4111-9a1d-edb5d5733469/source[39m
[35m[HTTP][39m [90m{}[39m
[35m[W3C (b3af172d)][39m Driver proxy active, passing request on via HTTP proxy
[35m[WD Proxy][39m Replacing sessionId 8eba1ebe-c142-4c62-9541-413d099c88dd with b3af172d-9c1d-4111-9a1d-edb5d5733469
[35m[HTTP][39m [37m<-- GET /wd/hub/session/b3af172d-9c1d-4111-9a1d-edb5d5733469/source [39m[32m200[39m [90m1018 ms - 27134[39m
[35m[HTTP][39m [90m[39m
[35m[HTTP][39m [37m-->[39m [37mGET[39m [37m/wd/hub/session/b3af172d-9c1d-4111-9a1d-edb5d5733469/screenshot[39m
[35m[HTTP][39m [90m{}[39m
[35m[HTTP][39m [37m<-- GET /wd/hub/session/b3af172d-9c1d-4111-9a1d-edb5d5733469/screenshot [39m[32m200[39m [90m399 ms - 299488[39m
[35m[HTTP][39m [90m[39m
[35m[HTTP][39m [37m-->[39m [37mPOST[39m [37m/wd/hub/session/b3af172d-9c1d-4111-9a1d-edb5d5733469/elements[39m
[35m[HTTP][39m [90m{"using":"xpath","value":"//*[@class = 'android.widget.TextView' and (@text = '確認テスト' or . = '確認テスト')]"}[39m
[35m[HTTP][39m [37m<-- POST /wd/hub/session/b3af172d-9c1d-4111-9a1d-edb5d5733469/elements [39m[32m200[39m [90m213 ms - 139[39m
[35m[HTTP][39m [90m[39m
[35m[HTTP][39m [37m-->[39m [37mGET[39m [37m/wd/hub/session/b3af172d-9c1d-4111-9a1d-edb5d5733469/window/rect[39m
[35m[HTTP][39m [90m{}[39m
[35m[HTTP][39m [37m<-- GET /wd/hub/session/b3af172d-9c1d-4111-9a1d-edb5d5733469/window/rect [39m[32m200[39m [90m9 ms - 50[39m
[35m[HTTP][39m [90m[39m
[35m[HTTP][39m [37m-->[39m [37mPOST[39m [37m/wd/hub/session/b3af172d-9c1d-4111-9a1d-edb5d5733469/elements[39m
[35m[HTTP][39m [90m{"using":"xpath","value":"//*[@class = 'android.widget.TextView' and (@text = '確認テスト' or . = '確認テスト')]"}[39m
[35m[HTTP][39m [37m<-- POST /wd/hub/session/b3af172d-9c1d-4111-9a1d-edb5d5733469/elements [39m[32m200[39m [90m112 ms - 139[39m
[35m[HTTP][39m [90m[39m
[35m[HTTP][39m [37m-->[39m [37mGET[39m [37m/wd/hub/session/b3af172d-9c1d-4111-9a1d-edb5d5733469/element/00000000-0000-020f-ffff-ffff00000133/location[39m
[35m[HTTP][39m [90m{}[39m
[35m[W3C (b3af172d)][39m Driver proxy active, passing request on via HTTP proxy
[35m[WD Proxy][39m Replacing sessionId 8eba1ebe-c142-4c62-9541-413d099c88dd with b3af172d-9c1d-4111-9a1d-edb5d5733469
[35m[HTTP][39m [37m<-- GET /wd/hub/session/b3af172d-9c1d-4111-9a1d-edb5d5733469/element/00000000-0000-020f-ffff-ffff00000133/location [39m[32m200[39m [90m16 ms - 78[39m
[35m[HTTP][39m [90m[39m
[35m[HTTP][39m [37m-->[39m [37mPOST[39m [37m/wd/hub/session/b3af172d-9c1d-4111-9a1d-edb5d5733469/element/00000000-0000-020f-ffff-ffff00000133/click[39m
[35m[HTTP][39m [90m{"id":"00000000-0000-020f-ffff-ffff00000133"}[39m
[35m[HTTP][39m [37m<-- POST /wd/hub/session/b3af172d-9c1d-4111-9a1d-edb5d5733469/element/00000000-0000-020f-ffff-ffff00000133/click [39m[32m200[39m [90m72 ms - 14[39m
[35m[HTTP][39m [90m[39m
[35m[HTTP][39m [37m-->[39m [37mGET[39m [37m/wd/hub/session/b3af172d-9c1d-4111-9a1d-edb5d5733469/source[39m
[35m[HTTP][39m [90m{}[39m
[35m[W3C (b3af172d)][39m Driver proxy active, passing request on via HTTP proxy
[35m[WD Proxy][39m Replacing sessionId 8eba1ebe-c142-4c62-9541-413d099c88dd with b3af172d-9c1d-4111-9a1d-edb5d5733469
[35m[HTTP][39m [37m<-- GET /wd/hub/session/b3af172d-9c1d-4111-9a1d-edb5d5733469/source [39m[32m200[39m [90m367 ms - 22617[39m
[35m[HTTP][39m [90m[39m
[35m[HTTP][39m [37m-->[39m [37mGET[39m [37m/wd/hub/session/b3af172d-9c1d-4111-9a1d-edb5d5733469/screenshot[39m
[35m[HTTP][39m [90m{}[39m
[35m[HTTP][39m [37m<-- GET /wd/hub/session/b3af172d-9c1d-4111-9a1d-edb5d5733469/screenshot [39m[32m200[39m [90m390 ms - 301006[39m
[35m[HTTP][39m [90m[39m
[35m[HTTP][39m [37m-->[39m [37mDELETE[39m [37m/wd/hub/session/b3af172d-9c1d-4111-9a1d-edb5d5733469[39m
[35m[HTTP][39m [90m{}[39m
[35m[Appium][39m Removing session b3af172d-9c1d-4111-9a1d-edb5d5733469 from our master session list
[35m[UiAutomator2][39m Restoring hidden api policy to the device default configuration
[35m[HTTP][39m [37m<-- DELETE /wd/hub/session/b3af172d-9c1d-4111-9a1d-edb5d5733469 [39m[32m200[39m [90m380 ms - 14[39m
[35m[HTTP][39m [90m[39m
